#!/bin/bash

EXPECTED_ARGS=0

if [ $# -ne $EXPECTED_ARGS ]
then
  echo "Usage: `basename $0` ERROR generating matsu embedding potentials : expecting 0 argument"
  exit
fi

 rm scratchdir 2> /dev/null  

 echo " RUNNING IN DIRECTORY : " `pwd`

 echo " PREPARING SIGMA FILES "
 mkdir                   __last_iter_sigma_real_backup   > /dev/null 2>&1
 mkdir                   __last_iter_sigma_matsu_backup  > /dev/null 2>&1
 cp real_sigma_output*   __last_iter_sigma_real_backup   > /dev/null 2>&1
 cp sigma_output*        __last_iter_sigma_matsu_backup  > /dev/null 2>&1
 ls sigma_output* > /dev/null 2>&1 || echo "THERE ARE NO SELF ENERGY FILES ON THE MATSUBARA AXIS !!!"


ls connections_D_L && mkdir sc_dmft_full_LEFT_iter_
ls connections_D_R && mkdir sc_dmft_full_RIGHT_iter_

ls sc_dmft_full_LEFT_iter_  && mv connections_D_L* sc_dmft_full_LEFT_iter_
ls sc_dmft_full_LEFT_iter_  && mv _H0* sc_dmft_full_LEFT_iter_
ls sc_dmft_full_LEFT_iter_  && mv _H1* sc_dmft_full_LEFT_iter_
ls sc_dmft_full_LEFT_iter_  && mv embedding_potentials* sc_dmft_full_LEFT_iter_
ls sc_dmft_full_RIGHT_iter_ && mv connections_D_R* sc_dmft_full_RIGHT_iter_
ls sc_dmft_full_RIGHT_iter_ && mv _H0* sc_dmft_full_RIGHT_iter_
ls sc_dmft_full_RIGHT_iter_ && mv _H1* sc_dmft_full_RIGHT_iter_
ls sc_dmft_full_RIGHT_iter_ && mv embedding_potentials* sc_dmft_full_RIGHT_iter_

kk=`pwd`

cd ${kk}
cd ../_potentials/L1/
rm _H0_ _H1_ embedding_potentials
cp ${kk}/sc_dmft_full_LEFT_iter*/_H0_1 ./_H0_
cp ${kk}/sc_dmft_full_LEFT_iter*/_H1_1 ./_H1_
cp ${kk}/sc_dmft_full_LEFT_iter*/embedding_potentials_1 ./embedding_potentials
onetep.dmft.embedding.gen.sigma.out remove_unconnected_sites=1 cutoff_remove_sites=0.0001 > output_gen_pot
cp sigma_embedding ../../_structmixt/sigma_embeddingL1

cd ${kk}
cd ../_potentials/L2/
rm _H0_ _H1_ embedding_potentials
cp ${kk}/sc_dmft_full_LEFT_iter*/_H0_2 ./_H0_
cp ${kk}/sc_dmft_full_LEFT_iter*/_H1_2 ./_H1_
cp ${kk}/sc_dmft_full_LEFT_iter*/embedding_potentials_2 ./embedding_potentials
ls ${kk}/sc_dmft_full_LEFT_iter*/_H0_2                  || cp ${kk}/sc_dmft_full_LEFT_iter*/_H0_1 ./_H0_
ls ${kk}/sc_dmft_full_LEFT_iter*/_H1_2                  || cp ${kk}/sc_dmft_full_LEFT_iter*/_H1_1 ./_H1_
ls ${kk}/sc_dmft_full_LEFT_iter*/embedding_potentials_2 || cp ${kk}/sc_dmft_full_LEFT_iter*/embedding_potentials_1 ./embedding_potentials
onetep.dmft.embedding.gen.sigma.out remove_unconnected_sites=1 cutoff_remove_sites=0.0001 > output_gen_pot
cp sigma_embedding ../../_structmixt/sigma_embeddingL2

cd ${kk}
cd ../_potentials/R1/
rm _H0_ _H1_ embedding_potentials
cp ${kk}/sc_dmft_full_RIGHT_iter*/_H0_1 ./_H0_
cp ${kk}/sc_dmft_full_RIGHT_iter*/_H1_1 ./_H1_
cp ${kk}/sc_dmft_full_RIGHT_iter*/embedding_potentials_1 ./embedding_potentials
onetep.dmft.embedding.gen.sigma.out remove_unconnected_sites=1 cutoff_remove_sites=0.0001 > output_gen_pot
cp sigma_embedding ../../_structmixt/sigma_embeddingR1

cd ${kk}
cd ../_potentials/R2/
rm _H0_ _H1_ embedding_potentials
cp ${kk}/sc_dmft_full_RIGHT_iter*/_H0_2 ./_H0_
cp ${kk}/sc_dmft_full_RIGHT_iter*/_H1_2 ./_H1_
cp ${kk}/sc_dmft_full_RIGHT_iter*/embedding_potentials_2 ./embedding_potentials
ls ${kk}/sc_dmft_full_RIGHT_iter*/_H0_2                  || cp ${kk}/sc_dmft_full_RIGHT_iter*/_H0_1 ./_H0_
ls ${kk}/sc_dmft_full_RIGHT_iter*/_H1_2                  || cp ${kk}/sc_dmft_full_RIGHT_iter*/_H1_1 ./_H1_
ls ${kk}/sc_dmft_full_RIGHT_iter*/embedding_potentials_2 || cp ${kk}/sc_dmft_full_RIGHT_iter*/embedding_potentials_1 ./embedding_potentials
onetep.dmft.embedding.gen.sigma.out remove_unconnected_sites=1 cutoff_remove_sites=0.0001 > output_gen_pot
cp sigma_embedding ../../_structmixt/sigma_embeddingR2



 echo "CLEANING SIGMA FILES"
 rm sigma_output* > /dev/null 2>&1
 cp  __last_iter_sigma_real_backup/real_sigma_output*  .  > /dev/null 2>&1
 cp  __last_iter_sigma_matsu_backup/sigma_output*      .  > /dev/null 2>&1



