#!/bin/bash

function up_matsu {
echo "SPIN UP SELF ENERGY" `ls sigma_output*1 2> /dev/null`
for i in `ls sigma_output*1 2> /dev/null` ; do echo $i ; dmft_project_back.out $i ; done ;
                  }

function do_matsu {
echo "SPIN DN SELF ENERGY" `ls sigma_output*2 2> /dev/null`
for i in `ls sigma_output*2 2> /dev/null` ; do echo $i ; dmft_project_back.out $i ; done ;
                  }

function up_real {
echo "SPIN UP SELF ENERGY REAL" `ls real_sigma_output*1 2> /dev/null`
for i in `ls real_sigma_output*1 2> /dev/null` ; do echo $i ; dmft_project_back.out $i ; done ;
                  }

function do_real {
echo "SPIN DN SELF ENERGY REAL" `ls real_sigma_output*2 2> /dev/null`
for i in `ls real_sigma_output*2 2> /dev/null` ; do echo $i ; dmft_project_back.out $i ; done ;
                  }

ls mask_dimer  > /dev/null 2>&1 || exit

echo "RUNNING IN DIMER MODE"

ls      sigma_output*1  > /dev/null 2>&1 || echo " WARNING NO SELF ENERGY FILES"

ls      sigma_output*1  > /dev/null 2>&1 && up_matsu
ls      sigma_output*2  > /dev/null 2>&1 && do_matsu
ls real_sigma_output*1  > /dev/null 2>&1 && up_real
ls real_sigma_output*2  > /dev/null 2>&1 && do_real


